<?xml version="1.0" encoding="UTF-8"?>
<!-- Generated by org.testng.reporters.JUnitXMLReporter -->
<testsuite hostname="HYDHTC100356L" ignored="0" name="Default test" tests="5" failures="0" timestamp="08 Jan 2020 09:41:11 GMT" time="69.777" errors="0">
  <testcase name="f" time="0.009" classname="ChromeDriver"/>
  <testcase name="test" time="30.054" classname="LaunchChrome"/>
  <testcase name="launchBrowser" time="7.097" classname="extentreports.examples.RegulatorRequirement"/>
  <testcase name="test2X" time="0.595" classname="extentreports.examples.RegulatorRequirement"/>
  <testcase name="testDashboard" time="25.603" classname="extentreports.examples.RegulatorRequirement"/>
</testsuite> <!-- Default test -->
