<?xml version="1.0" encoding="UTF-8"?>
<!-- Generated by org.testng.reporters.JUnitXMLReporter -->
<testsuite hostname="HYDHTC100356L" ignored="0" name="Default test" tests="3" failures="0" timestamp="05 Jan 2020 13:41:54 GMT" time="21.386" errors="0">
  <testcase name="launchBrowser" time="5.799" classname="extentreports.examples.RegulatorRequirement"/>
  <testcase name="test2X" time="0.127" classname="extentreports.examples.RegulatorRequirement"/>
  <testcase name="testDashboard" time="12.298" classname="extentreports.examples.RegulatorRequirement"/>
</testsuite> <!-- Default test -->
