<?xml version="1.0" encoding="UTF-8"?>
<testng-results skipped="0" failed="0" ignored="0" total="5" passed="5">
  <reporter-output>
  </reporter-output>
  <suite name="Default suite" duration-ms="69777" started-at="2020-01-08T09:40:01Z" finished-at="2020-01-08T09:41:11Z">
    <groups>
    </groups>
    <test name="Default test" duration-ms="69777" started-at="2020-01-08T09:40:01Z" finished-at="2020-01-08T09:41:11Z">
      <class name="LaunchChrome">
        <test-method status="PASS" signature="beforeClass()[pri:0, instance:LaunchChrome@148a286f]" name="beforeClass" is-config="true" duration-ms="0" started-at="2020-01-08T15:10:02Z" finished-at="2020-01-08T15:10:02Z">
          <reporter-output>
          </reporter-output>
        </test-method> <!-- beforeClass -->
        <test-method status="PASS" signature="test()[pri:0, instance:LaunchChrome@148a286f]" name="test" duration-ms="30054" started-at="2020-01-08T15:10:02Z" finished-at="2020-01-08T15:10:32Z">
          <reporter-output>
          </reporter-output>
        </test-method> <!-- test -->
        <test-method status="PASS" signature="afterClass()[pri:0, instance:LaunchChrome@148a286f]" name="afterClass" is-config="true" duration-ms="2995" started-at="2020-01-08T15:10:32Z" finished-at="2020-01-08T15:10:35Z">
          <reporter-output>
          </reporter-output>
        </test-method> <!-- afterClass -->
      </class> <!-- LaunchChrome -->
      <class name="extentreports.examples.RegulatorRequirement">
        <test-method status="PASS" signature="launchBrowser()[pri:1, instance:extentreports.examples.RegulatorRequirement@69242c9c]" name="launchBrowser" duration-ms="7097" started-at="2020-01-08T15:10:35Z" finished-at="2020-01-08T15:10:42Z">
          <reporter-output>
          </reporter-output>
        </test-method> <!-- launchBrowser -->
        <test-method status="PASS" signature="test2X()[pri:2, instance:extentreports.examples.RegulatorRequirement@69242c9c]" name="test2X" duration-ms="595" started-at="2020-01-08T15:10:42Z" finished-at="2020-01-08T15:10:43Z">
          <reporter-output>
          </reporter-output>
        </test-method> <!-- test2X -->
        <test-method status="PASS" signature="testDashboard()[pri:3, instance:extentreports.examples.RegulatorRequirement@69242c9c]" name="testDashboard" duration-ms="25603" started-at="2020-01-08T15:10:43Z" finished-at="2020-01-08T15:11:08Z">
          <reporter-output>
          </reporter-output>
        </test-method> <!-- testDashboard -->
      </class> <!-- extentreports.examples.RegulatorRequirement -->
      <class name="ChromeDriver">
        <test-method status="PASS" signature="beforeTest()[pri:0, instance:ChromeDriver@9bf289dc]" name="beforeTest" is-config="true" duration-ms="37" started-at="2020-01-08T15:10:01Z" finished-at="2020-01-08T15:10:01Z">
          <reporter-output>
          </reporter-output>
        </test-method> <!-- beforeTest -->
        <test-method status="PASS" signature="beforeTest()[pri:0, instance:extentreports.examples.RegulatorRequirement@69242c9c]" name="beforeTest" is-config="true" duration-ms="463" started-at="2020-01-08T15:10:01Z" finished-at="2020-01-08T15:10:02Z">
          <reporter-output>
          </reporter-output>
        </test-method> <!-- beforeTest -->
        <test-method status="PASS" signature="beforeClass()[pri:0, instance:ChromeDriver@9bf289dc]" name="beforeClass" is-config="true" duration-ms="0" started-at="2020-01-08T15:10:02Z" finished-at="2020-01-08T15:10:02Z">
          <reporter-output>
          </reporter-output>
        </test-method> <!-- beforeClass -->
        <test-method status="PASS" signature="f()[pri:0, instance:ChromeDriver@9bf289dc]" name="f" duration-ms="9" started-at="2020-01-08T15:10:02Z" finished-at="2020-01-08T15:10:02Z">
          <reporter-output>
          </reporter-output>
        </test-method> <!-- f -->
        <test-method status="PASS" signature="afterClass()[pri:0, instance:ChromeDriver@9bf289dc]" name="afterClass" is-config="true" duration-ms="0" started-at="2020-01-08T15:10:02Z" finished-at="2020-01-08T15:10:02Z">
          <reporter-output>
          </reporter-output>
        </test-method> <!-- afterClass -->
        <test-method status="PASS" signature="afterTest()[pri:0, instance:extentreports.examples.RegulatorRequirement@69242c9c]" name="afterTest" is-config="true" duration-ms="2855" started-at="2020-01-08T15:11:08Z" finished-at="2020-01-08T15:11:11Z">
          <reporter-output>
          </reporter-output>
        </test-method> <!-- afterTest -->
        <test-method status="PASS" signature="afterTest()[pri:0, instance:ChromeDriver@9bf289dc]" name="afterTest" is-config="true" duration-ms="0" started-at="2020-01-08T15:11:08Z" finished-at="2020-01-08T15:11:08Z">
          <reporter-output>
          </reporter-output>
        </test-method> <!-- afterTest -->
      </class> <!-- ChromeDriver -->
    </test> <!-- Default test -->
  </suite> <!-- Default suite -->
</testng-results>
