<?xml version="1.0" encoding="UTF-8"?>
<testng-results skipped="0" failed="0" ignored="0" total="1" passed="1">
  <reporter-output>
  </reporter-output>
  <suite name="Default suite" duration-ms="21489" started-at="2019-12-31T07:05:44Z" finished-at="2019-12-31T07:06:05Z">
    <groups>
    </groups>
    <test name="Default test" duration-ms="21489" started-at="2019-12-31T07:05:44Z" finished-at="2019-12-31T07:06:05Z">
      <class name="LaunchChrome">
        <test-method status="PASS" signature="beforeClass()[pri:0, instance:LaunchChrome@e860b3f0]" name="beforeClass" is-config="true" duration-ms="12" started-at="2019-12-31T12:35:44Z" finished-at="2019-12-31T12:35:44Z">
          <reporter-output>
          </reporter-output>
        </test-method> <!-- beforeClass -->
        <test-method status="PASS" signature="test()[pri:0, instance:LaunchChrome@e860b3f0]" name="test" duration-ms="18601" started-at="2019-12-31T12:35:44Z" finished-at="2019-12-31T12:36:02Z">
          <reporter-output>
          </reporter-output>
        </test-method> <!-- test -->
        <test-method status="PASS" signature="afterClass()[pri:0, instance:LaunchChrome@e860b3f0]" name="afterClass" is-config="true" duration-ms="2852" started-at="2019-12-31T12:36:02Z" finished-at="2019-12-31T12:36:05Z">
          <reporter-output>
          </reporter-output>
        </test-method> <!-- afterClass -->
      </class> <!-- LaunchChrome -->
    </test> <!-- Default test -->
  </suite> <!-- Default suite -->
</testng-results>
